#
# There is insufficient memory for the Java Runtime Environment to continue.
# Native memory allocation (mmap) failed to map 124780544 bytes for G1 virtual space
# Possible reasons:
#   The system is out of physical RAM or swap space
#   The process is running with CompressedOops enabled, and the Java Heap may be blocking the growth of the native heap
# Possible solutions:
#   Reduce memory load on the system
#   Increase physical memory or swap space
#   Check if swap backing store is full
#   Decrease Java heap size (-Xmx/-Xms)
#   Decrease number of Java threads
#   Decrease Java thread stack sizes (-Xss)
#   Set larger code cache with -XX:ReservedCodeCacheSize=
#   JVM is running with Unscaled Compressed Oops mode in which the Java heap is
#     placed in the first 4GB address space. The Java Heap base address is the
#     maximum limit for the native heap growth. Please use -XX:HeapBaseMinAddress
#     to set the Java Heap base and to place the Java Heap above 4GB virtual address.
# This output file may be truncated or incomplete.
#
#  Out of Memory Error (os_windows.cpp:3552), pid=6720, tid=18468
#
# JRE version: Java(TM) SE Runtime Environment (17.0.9+11) (build 17.0.9+11-LTS-201)
# Java VM: Java HotSpot(TM) 64-Bit Server VM (17.0.9+11-LTS-201, mixed mode, emulated-client, sharing, tiered, compressed oops, compressed class ptrs, g1 gc, windows-amd64)
# No core dump will be written. Minidumps are not enabled by default on client versions of Windows
#

---------------  S U M M A R Y ------------

Command Line: -XX:TieredStopAtLevel=1 -Dspring.output.ansi.enabled=always -Dcom.sun.management.jmxremote -Dspring.jmx.enabled=true -Dspring.liveBeansView.mbeanDomain -Dspring.application.admin.enabled=true -Dmanagement.endpoints.jmx.exposure.include=* -javaagent:D:\Apps\IntelliJ IDEA 2025.1.2\lib\idea_rt.jar=63704 -Dfile.encoding=UTF-8 com.shose.shoseshop.ShoseShopApplication

Host: AMD Ryzen 7 3750H with Radeon Vega Mobile Gfx  , 8 cores, 5G,  Windows 10 , 64 bit Build 19041 (10.0.19041.3636)
Time: Sun Jul 13 15:02:08 2025 SE Asia Standard Time elapsed time: 22.711909 seconds (0d 0h 0m 22s)

---------------  T H R E A D  ---------------

Current thread (0x00000233edec2340):  VMThread "VM Thread" [stack: 0x0000007f87200000,0x0000007f87300000] [id=18468]

Stack: [0x0000007f87200000,0x0000007f87300000]
Native frames: (J=compiled Java code, j=interpreted, Vv=VM code, C=native code)
V  [jvm.dll+0x678a4a]
V  [jvm.dll+0x7d9cfd]
V  [jvm.dll+0x7db60e]
V  [jvm.dll+0x7dbc73]
V  [jvm.dll+0x245e1f]
V  [jvm.dll+0x6758f9]
V  [jvm.dll+0x66a2a2]
V  [jvm.dll+0x303686]
V  [jvm.dll+0x30ac06]
V  [jvm.dll+0x35a48e]
V  [jvm.dll+0x35a6bf]
V  [jvm.dll+0x2da678]
V  [jvm.dll+0x2d8a85]
V  [jvm.dll+0x2d808c]
V  [jvm.dll+0x31b97b]
V  [jvm.dll+0x7e048b]
V  [jvm.dll+0x7e11c4]
V  [jvm.dll+0x7e16dd]
V  [jvm.dll+0x7e1ab4]
V  [jvm.dll+0x7e1b80]
V  [jvm.dll+0x78998a]
V  [jvm.dll+0x677875]
C  [ucrtbase.dll+0x21bb2]
C  [KERNEL32.DLL+0x17344]
C  [ntdll.dll+0x526b1]

VM_Operation (0x0000007f86cfa360): G1CollectForAllocation, mode: safepoint, requested by thread 0x00000233db2c2310


---------------  P R O C E S S  ---------------

Threads class SMR info:
_java_thread_list=0x00000233f5decb90, length=25, elements={
0x00000233db2c2310, 0x00000233edec65f0, 0x00000233edec7380, 0x00000233ededaa60,
0x00000233ededd700, 0x00000233ededefe0, 0x00000233ededf8b0, 0x00000233edee0230,
0x00000233edee1b50, 0x00000233edeb2370, 0x00000233f24f9d80, 0x00000233f24fc270,
0x00000233f30b0db0, 0x00000233f30ba5e0, 0x00000233f37973d0, 0x00000233f3796ec0,
0x00000233f3798810, 0x00000233f30d8680, 0x00000233f30d6310, 0x00000233f30d49c0,
0x00000233f30d3580, 0x00000233f30d4ed0, 0x00000233f30d58f0, 0x00000233f30d9ac0,
0x00000233f30da4e0
}

Java Threads: ( => current thread )
  0x00000233db2c2310 JavaThread "main" [_thread_blocked, id=6416, stack(0x0000007f86c00000,0x0000007f86d00000)]
  0x00000233edec65f0 JavaThread "Reference Handler" daemon [_thread_blocked, id=18288, stack(0x0000007f87300000,0x0000007f87400000)]
  0x00000233edec7380 JavaThread "Finalizer" daemon [_thread_blocked, id=16536, stack(0x0000007f87400000,0x0000007f87500000)]
  0x00000233ededaa60 JavaThread "Signal Dispatcher" daemon [_thread_blocked, id=16508, stack(0x0000007f87500000,0x0000007f87600000)]
  0x00000233ededd700 JavaThread "Attach Listener" daemon [_thread_blocked, id=11428, stack(0x0000007f87600000,0x0000007f87700000)]
  0x00000233ededefe0 JavaThread "Service Thread" daemon [_thread_blocked, id=17804, stack(0x0000007f87700000,0x0000007f87800000)]
  0x00000233ededf8b0 JavaThread "Monitor Deflation Thread" daemon [_thread_blocked, id=14576, stack(0x0000007f87800000,0x0000007f87900000)]
  0x00000233edee0230 JavaThread "C1 CompilerThread0" daemon [_thread_blocked, id=17936, stack(0x0000007f87900000,0x0000007f87a00000)]
  0x00000233edee1b50 JavaThread "Sweeper thread" daemon [_thread_blocked, id=12980, stack(0x0000007f87a00000,0x0000007f87b00000)]
  0x00000233edeb2370 JavaThread "Common-Cleaner" daemon [_thread_blocked, id=15428, stack(0x0000007f87b00000,0x0000007f87c00000)]
  0x00000233f24f9d80 JavaThread "Monitor Ctrl-Break" daemon [_thread_in_native, id=13432, stack(0x0000007f87c00000,0x0000007f87d00000)]
  0x00000233f24fc270 JavaThread "Notification Thread" daemon [_thread_blocked, id=8900, stack(0x0000007f87d00000,0x0000007f87e00000)]
  0x00000233f30b0db0 JavaThread "C1 CompilerThread1" daemon [_thread_blocked, id=8020, stack(0x0000007f87e00000,0x0000007f87f00000)]
  0x00000233f30ba5e0 JavaThread "RMI TCP Accept-0" daemon [_thread_in_native, id=18692, stack(0x0000007f87f00000,0x0000007f88000000)]
  0x00000233f37973d0 JavaThread "RMI TCP Connection(1)-172.20.176.1" daemon [_thread_in_native, id=9480, stack(0x0000007f88800000,0x0000007f88900000)]
  0x00000233f3796ec0 JavaThread "RMI Scheduler(0)" daemon [_thread_blocked, id=17652, stack(0x0000007f88b00000,0x0000007f88c00000)]
  0x00000233f3798810 JavaThread "JMX server connection timeout 22" daemon [_thread_blocked, id=19108, stack(0x0000007f88c00000,0x0000007f88d00000)]
  0x00000233f30d8680 JavaThread "RMI TCP Connection(2)-172.20.176.1" daemon [_thread_in_native, id=9148, stack(0x0000007f88d00000,0x0000007f88e00000)]
  0x00000233f30d6310 JavaThread "Catalina-utility-1" [_thread_blocked, id=7976, stack(0x0000007f88e00000,0x0000007f88f00000)]
  0x00000233f30d49c0 JavaThread "Catalina-utility-2" [_thread_blocked, id=19196, stack(0x0000007f88f00000,0x0000007f89000000)]
  0x00000233f30d3580 JavaThread "container-0" [_thread_blocked, id=11796, stack(0x0000007f89000000,0x0000007f89100000)]
  0x00000233f30d4ed0 JavaThread "PostgreSQL-JDBC-Cleaner" daemon [_thread_blocked, id=6864, stack(0x0000007f89200000,0x0000007f89300000)]
  0x00000233f30d58f0 JavaThread "HikariPool-1 housekeeper" daemon [_thread_blocked, id=7708, stack(0x0000007f89300000,0x0000007f89400000)]
  0x00000233f30d9ac0 JavaThread "HikariPool-1 connection adder" daemon [_thread_blocked, id=16160, stack(0x0000007f89400000,0x0000007f89500000)]
  0x00000233f30da4e0 JavaThread "lettuce-timer-3-1" daemon [_thread_blocked, id=10360, stack(0x0000007f89500000,0x0000007f89600000)]

Other Threads:
=>0x00000233edec2340 VMThread "VM Thread" [stack: 0x0000007f87200000,0x0000007f87300000] [id=18468]
  0x00000233db2c2f80 WatcherThread [stack: 0x0000007f88600000,0x0000007f88700000] [id=18504]
  0x00000233db30df80 GCTaskThread "GC Thread#0" [stack: 0x0000007f86d00000,0x0000007f86e00000] [id=14424]
  0x00000233f30bc300 GCTaskThread "GC Thread#1" [stack: 0x0000007f88000000,0x0000007f88100000] [id=16604]
  0x00000233f30c8e50 GCTaskThread "GC Thread#2" [stack: 0x0000007f88100000,0x0000007f88200000] [id=15596]
  0x00000233f30bd0e0 GCTaskThread "GC Thread#3" [stack: 0x0000007f88200000,0x0000007f88300000] [id=9784]
  0x00000233f30bd3a0 GCTaskThread "GC Thread#4" [stack: 0x0000007f88300000,0x0000007f88400000] [id=18540]
  0x00000233f30ca1d0 GCTaskThread "GC Thread#5" [stack: 0x0000007f88400000,0x0000007f88500000] [id=7696]
  0x00000233f34a7d50 GCTaskThread "GC Thread#6" [stack: 0x0000007f88700000,0x0000007f88800000] [id=1852]
  0x00000233f370a2a0 GCTaskThread "GC Thread#7" [stack: 0x0000007f88900000,0x0000007f88a00000] [id=18808]
  0x00000233db31ac20 ConcurrentGCThread "G1 Main Marker" [stack: 0x0000007f86e00000,0x0000007f86f00000] [id=12772]
  0x00000233db31b540 ConcurrentGCThread "G1 Conc#0" [stack: 0x0000007f86f00000,0x0000007f87000000] [id=13604]
  0x00000233f3b677f0 ConcurrentGCThread "G1 Conc#1" [stack: 0x0000007f88a00000,0x0000007f88b00000] [id=14972]
  0x00000233db36e500 ConcurrentGCThread "G1 Refine#0" [stack: 0x0000007f87000000,0x0000007f87100000] [id=6580]
  0x00000233f30bda90 ConcurrentGCThread "G1 Refine#1" [stack: 0x0000007f88500000,0x0000007f88600000] [id=4840]
  0x00000233edd804a0 ConcurrentGCThread "G1 Service" [stack: 0x0000007f87100000,0x0000007f87200000] [id=3680]

Threads with active compile tasks:

VM state: at safepoint (normal execution)

VM Mutex/Monitor currently owned by a thread:  ([mutex/lock_event])
[0x00000233db2beec0] Threads_lock - owner thread: 0x00000233edec2340
[0x00000233db2bed10] Heap_lock - owner thread: 0x00000233db2c2310

Heap address: 0x00000000a0e00000, size: 1522 MB, Compressed Oops mode: 32-bit

CDS archive(s) mapped at: [0x0000023380000000-0x0000023380bd0000-0x0000023380bd0000), size 12386304, SharedBaseAddress: 0x0000023380000000, ArchiveRelocationMode: 1.
Compressed class space mapped at: 0x0000023381000000-0x00000233c1000000, reserved size: 1073741824
Narrow klass base: 0x0000023380000000, Narrow klass shift: 0, Narrow klass range: 0x100000000

GC Precious Log:
 CPUs: 8 total, 8 available
 Memory: 6081M
 Large Page Support: Disabled
 NUMA Support: Disabled
 Compressed Oops: Enabled (32-bit)
 Heap Region Size: 1M
 Heap Min Capacity: 8M
 Heap Initial Capacity: 96M
 Heap Max Capacity: 1522M
 Pre-touch: Disabled
 Parallel Workers: 8
 Concurrent Workers: 2
 Concurrent Refinement Workers: 8
 Periodic GC: Disabled

Heap:
 garbage-first heap   total 98304K, used 55608K [0x00000000a0e00000, 0x0000000100000000)
  region size 1024K, 1 young (1024K), 1 survivors (1024K)
 Metaspace       used 79656K, committed 80320K, reserved 1179648K
  class space    used 11628K, committed 11968K, reserved 1048576K

Heap Regions: E=young(eden), S=young(survivor), O=old, HS=humongous(starts), HC=humongous(continues), CS=collection set, F=free, OA=open archive, CA=closed archive, TAMS=top-at-mark-start (previous, next)
|   0|0x00000000a0e00000, 0x00000000a0f00000, 0x00000000a0f00000|100%|HS|  |TAMS 0x00000000a0f00000, 0x00000000a0e00000| Complete 
|   1|0x00000000a0f00000, 0x00000000a1000000, 0x00000000a1000000|100%|HS|  |TAMS 0x00000000a1000000, 0x00000000a0f00000| Complete 
|   2|0x00000000a1000000, 0x00000000a1100000, 0x00000000a1100000|100%| O|  |TAMS 0x00000000a1100000, 0x00000000a1000000| Untracked 
|   3|0x00000000a1100000, 0x00000000a1200000, 0x00000000a1200000|100%|HS|  |TAMS 0x00000000a1200000, 0x00000000a1100000| Complete 
|   4|0x00000000a1200000, 0x00000000a1300000, 0x00000000a1300000|100%| O|  |TAMS 0x00000000a1300000, 0x00000000a1200000| Untracked 
|   5|0x00000000a1300000, 0x00000000a1400000, 0x00000000a1400000|100%| O|  |TAMS 0x00000000a1400000, 0x00000000a1300000| Untracked 
|   6|0x00000000a1400000, 0x00000000a1500000, 0x00000000a1500000|100%| O|  |TAMS 0x00000000a1500000, 0x00000000a1400000| Untracked 
|   7|0x00000000a1500000, 0x00000000a1600000, 0x00000000a1600000|100%| O|  |TAMS 0x00000000a1600000, 0x00000000a1500000| Untracked 
|   8|0x00000000a1600000, 0x00000000a1700000, 0x00000000a1700000|100%| O|  |TAMS 0x00000000a1700000, 0x00000000a1600000| Untracked 
|   9|0x00000000a1700000, 0x00000000a1800000, 0x00000000a1800000|100%| O|  |TAMS 0x00000000a1800000, 0x00000000a1700000| Untracked 
|  10|0x00000000a1800000, 0x00000000a1900000, 0x00000000a1900000|100%| O|  |TAMS 0x00000000a1800000, 0x00000000a1800000| Untracked 
|  11|0x00000000a1900000, 0x00000000a1a00000, 0x00000000a1a00000|100%| O|  |TAMS 0x00000000a1a00000, 0x00000000a1900000| Untracked 
|  12|0x00000000a1a00000, 0x00000000a1b00000, 0x00000000a1b00000|100%| O|  |TAMS 0x00000000a1b00000, 0x00000000a1a00000| Untracked 
|  13|0x00000000a1b00000, 0x00000000a1c00000, 0x00000000a1c00000|100%| O|  |TAMS 0x00000000a1c00000, 0x00000000a1b00000| Untracked 
|  14|0x00000000a1c00000, 0x00000000a1d00000, 0x00000000a1d00000|100%| O|  |TAMS 0x00000000a1d00000, 0x00000000a1c00000| Untracked 
|  15|0x00000000a1d00000, 0x00000000a1e00000, 0x00000000a1e00000|100%| O|  |TAMS 0x00000000a1e00000, 0x00000000a1d00000| Untracked 
|  16|0x00000000a1e00000, 0x00000000a1f00000, 0x00000000a1f00000|100%| O|  |TAMS 0x00000000a1f00000, 0x00000000a1e00000| Untracked 
|  17|0x00000000a1f00000, 0x00000000a2000000, 0x00000000a2000000|100%| O|  |TAMS 0x00000000a2000000, 0x00000000a1f00000| Untracked 
|  18|0x00000000a2000000, 0x00000000a2100000, 0x00000000a2100000|100%| O|  |TAMS 0x00000000a2100000, 0x00000000a2000000| Untracked 
|  19|0x00000000a2100000, 0x00000000a2200000, 0x00000000a2200000|100%| O|  |TAMS 0x00000000a2200000, 0x00000000a2100000| Untracked 
|  20|0x00000000a2200000, 0x00000000a2300000, 0x00000000a2300000|100%| O|  |TAMS 0x00000000a2300000, 0x00000000a2200000| Untracked 
|  21|0x00000000a2300000, 0x00000000a2400000, 0x00000000a2400000|100%| O|  |TAMS 0x00000000a2400000, 0x00000000a2300000| Untracked 
|  22|0x00000000a2400000, 0x00000000a2500000, 0x00000000a2500000|100%| O|  |TAMS 0x00000000a2500000, 0x00000000a2400000| Untracked 
|  23|0x00000000a2500000, 0x00000000a2600000, 0x00000000a2600000|100%| O|  |TAMS 0x00000000a2600000, 0x00000000a2500000| Untracked 
|  24|0x00000000a2600000, 0x00000000a2700000, 0x00000000a2700000|100%| O|  |TAMS 0x00000000a2700000, 0x00000000a2600000| Untracked 
|  25|0x00000000a2700000, 0x00000000a2800000, 0x00000000a2800000|100%| O|  |TAMS 0x00000000a2800000, 0x00000000a2700000| Untracked 
|  26|0x00000000a2800000, 0x00000000a2900000, 0x00000000a2900000|100%| O|  |TAMS 0x00000000a2900000, 0x00000000a2800000| Untracked 
|  27|0x00000000a2900000, 0x00000000a2a00000, 0x00000000a2a00000|100%| O|  |TAMS 0x00000000a2a00000, 0x00000000a2900000| Untracked 
|  28|0x00000000a2a00000, 0x00000000a2b00000, 0x00000000a2b00000|100%| O|  |TAMS 0x00000000a2b00000, 0x00000000a2a00000| Untracked 
|  29|0x00000000a2b00000, 0x00000000a2c00000, 0x00000000a2c00000|100%| O|  |TAMS 0x00000000a2c00000, 0x00000000a2b00000| Untracked 
|  30|0x00000000a2c00000, 0x00000000a2d00000, 0x00000000a2d00000|100%| O|  |TAMS 0x00000000a2d00000, 0x00000000a2c00000| Untracked 
|  31|0x00000000a2d00000, 0x00000000a2e00000, 0x00000000a2e00000|100%| O|  |TAMS 0x00000000a2e00000, 0x00000000a2d00000| Untracked 
|  32|0x00000000a2e00000, 0x00000000a2f00000, 0x00000000a2f00000|100%| O|  |TAMS 0x00000000a2f00000, 0x00000000a2e00000| Untracked 
|  33|0x00000000a2f00000, 0x00000000a3000000, 0x00000000a3000000|100%| O|  |TAMS 0x00000000a3000000, 0x00000000a2f00000| Untracked 
|  34|0x00000000a3000000, 0x00000000a3100000, 0x00000000a3100000|100%| O|  |TAMS 0x00000000a3100000, 0x00000000a3000000| Untracked 
|  35|0x00000000a3100000, 0x00000000a3200000, 0x00000000a3200000|100%| O|  |TAMS 0x00000000a3200000, 0x00000000a3100000| Untracked 
|  36|0x00000000a3200000, 0x00000000a3300000, 0x00000000a3300000|100%| O|  |TAMS 0x00000000a3300000, 0x00000000a3200000| Untracked 
|  37|0x00000000a3300000, 0x00000000a3400000, 0x00000000a3400000|100%| O|  |TAMS 0x00000000a3400000, 0x00000000a3300000| Untracked 
|  38|0x00000000a3400000, 0x00000000a3500000, 0x00000000a3500000|100%| O|  |TAMS 0x00000000a3500000, 0x00000000a3400000| Untracked 
|  39|0x00000000a3500000, 0x00000000a3600000, 0x00000000a3600000|100%| O|  |TAMS 0x00000000a3600000, 0x00000000a3500000| Untracked 
|  40|0x00000000a3600000, 0x00000000a3700000, 0x00000000a3700000|100%| O|  |TAMS 0x00000000a3700000, 0x00000000a3600000| Untracked 
|  41|0x00000000a3700000, 0x00000000a3700000, 0x00000000a3800000|  0%| F|  |TAMS 0x00000000a3700000, 0x00000000a3700000| Untracked 
|  42|0x00000000a3800000, 0x00000000a3900000, 0x00000000a3900000|100%| O|  |TAMS 0x00000000a3900000, 0x00000000a3800000| Untracked 
|  43|0x00000000a3900000, 0x00000000a3a00000, 0x00000000a3a00000|100%| O|  |TAMS 0x00000000a3a00000, 0x00000000a3900000| Untracked 
|  44|0x00000000a3a00000, 0x00000000a3b00000, 0x00000000a3b00000|100%| O|  |TAMS 0x00000000a3b00000, 0x00000000a3a00000| Untracked 
|  45|0x00000000a3b00000, 0x00000000a3c00000, 0x00000000a3c00000|100%| O|  |TAMS 0x00000000a3c00000, 0x00000000a3b00000| Untracked 
|  46|0x00000000a3c00000, 0x00000000a3d00000, 0x00000000a3d00000|100%| O|  |TAMS 0x00000000a3d00000, 0x00000000a3c00000| Untracked 
|  47|0x00000000a3d00000, 0x00000000a3e00000, 0x00000000a3e00000|100%| O|  |TAMS 0x00000000a3e00000, 0x00000000a3d00000| Untracked 
|  48|0x00000000a3e00000, 0x00000000a3f00000, 0x00000000a3f00000|100%| O|  |TAMS 0x00000000a3ef1800, 0x00000000a3e00000| Untracked 
|  49|0x00000000a3f00000, 0x00000000a4000000, 0x00000000a4000000|100%| O|  |TAMS 0x00000000a3f00000, 0x00000000a3f00000| Untracked 
|  50|0x00000000a4000000, 0x00000000a4100000, 0x00000000a4100000|100%| O|  |TAMS 0x00000000a4000000, 0x00000000a4000000| Untracked 
|  51|0x00000000a4100000, 0x00000000a4200000, 0x00000000a4200000|100%| O|  |TAMS 0x00000000a4100000, 0x00000000a4100000| Untracked 
|  52|0x00000000a4200000, 0x00000000a4300000, 0x00000000a4300000|100%| O|  |TAMS 0x00000000a4200000, 0x00000000a4200000| Untracked 
|  53|0x00000000a4300000, 0x00000000a4400000, 0x00000000a4400000|100%| O|  |TAMS 0x00000000a4300000, 0x00000000a4300000| Untracked 
|  54|0x00000000a4400000, 0x00000000a44ef200, 0x00000000a4500000| 93%| O|  |TAMS 0x00000000a4400000, 0x00000000a4400000| Untracked 
|  55|0x00000000a4500000, 0x00000000a4500000, 0x00000000a4600000|  0%| F|  |TAMS 0x00000000a4500000, 0x00000000a4500000| Untracked 
|  56|0x00000000a4600000, 0x00000000a4600000, 0x00000000a4700000|  0%| F|  |TAMS 0x00000000a4600000, 0x00000000a4600000| Untracked 
|  57|0x00000000a4700000, 0x00000000a4700000, 0x00000000a4800000|  0%| F|  |TAMS 0x00000000a4700000, 0x00000000a4700000| Untracked 
|  58|0x00000000a4800000, 0x00000000a4800000, 0x00000000a4900000|  0%| F|  |TAMS 0x00000000a4800000, 0x00000000a4800000| Untracked 
|  59|0x00000000a4900000, 0x00000000a4900000, 0x00000000a4a00000|  0%| F|  |TAMS 0x00000000a4900000, 0x00000000a4900000| Untracked 
|  60|0x00000000a4a00000, 0x00000000a4a00000, 0x00000000a4b00000|  0%| F|  |TAMS 0x00000000a4a00000, 0x00000000a4a00000| Untracked 
|  61|0x00000000a4b00000, 0x00000000a4b00000, 0x00000000a4c00000|  0%| F|  |TAMS 0x00000000a4b00000, 0x00000000a4b00000| Untracked 
|  62|0x00000000a4c00000, 0x00000000a4c00000, 0x00000000a4d00000|  0%| F|  |TAMS 0x00000000a4c00000, 0x00000000a4c00000| Untracked 
|  63|0x00000000a4d00000, 0x00000000a4d00000, 0x00000000a4e00000|  0%| F|  |TAMS 0x00000000a4d00000, 0x00000000a4d00000| Untracked 
|  64|0x00000000a4e00000, 0x00000000a4e00000, 0x00000000a4f00000|  0%| F|  |TAMS 0x00000000a4e00000, 0x00000000a4e00000| Untracked 
|  65|0x00000000a4f00000, 0x00000000a4f00000, 0x00000000a5000000|  0%| F|  |TAMS 0x00000000a4f00000, 0x00000000a4f00000| Untracked 
|  66|0x00000000a5000000, 0x00000000a5000000, 0x00000000a5100000|  0%| F|  |TAMS 0x00000000a5000000, 0x00000000a5000000| Untracked 
|  67|0x00000000a5100000, 0x00000000a5100000, 0x00000000a5200000|  0%| F|  |TAMS 0x00000000a5100000, 0x00000000a5100000| Untracked 
|  68|0x00000000a5200000, 0x00000000a5200000, 0x00000000a5300000|  0%| F|  |TAMS 0x00000000a5200000, 0x00000000a5200000| Untracked 
|  69|0x00000000a5300000, 0x00000000a5300000, 0x00000000a5400000|  0%| F|  |TAMS 0x00000000a5300000, 0x00000000a5300000| Untracked 
|  70|0x00000000a5400000, 0x00000000a5400000, 0x00000000a5500000|  0%| F|  |TAMS 0x00000000a5400000, 0x00000000a5400000| Untracked 
|  71|0x00000000a5500000, 0x00000000a5500000, 0x00000000a5600000|  0%| F|  |TAMS 0x00000000a5500000, 0x00000000a5500000| Untracked 
|  72|0x00000000a5600000, 0x00000000a5600000, 0x00000000a5700000|  0%| F|  |TAMS 0x00000000a5600000, 0x00000000a5600000| Untracked 
|  73|0x00000000a5700000, 0x00000000a5700000, 0x00000000a5800000|  0%| F|  |TAMS 0x00000000a5700000, 0x00000000a5700000| Untracked 
|  74|0x00000000a5800000, 0x00000000a5800000, 0x00000000a5900000|  0%| F|  |TAMS 0x00000000a5800000, 0x00000000a5800000| Untracked 
|  75|0x00000000a5900000, 0x00000000a5900000, 0x00000000a5a00000|  0%| F|  |TAMS 0x00000000a5900000, 0x00000000a5900000| Untracked 
|  76|0x00000000a5a00000, 0x00000000a5a00000, 0x00000000a5b00000|  0%| F|  |TAMS 0x00000000a5a00000, 0x00000000a5a00000| Untracked 
|  77|0x00000000a5b00000, 0x00000000a5b00000, 0x00000000a5c00000|  0%| F|  |TAMS 0x00000000a5b00000, 0x00000000a5b00000| Untracked 
|  78|0x00000000a5c00000, 0x00000000a5c00000, 0x00000000a5d00000|  0%| F|  |TAMS 0x00000000a5c00000, 0x00000000a5c00000| Untracked 
|  79|0x00000000a5d00000, 0x00000000a5d00000, 0x00000000a5e00000|  0%| F|  |TAMS 0x00000000a5d00000, 0x00000000a5d00000| Untracked 
|  80|0x00000000a5e00000, 0x00000000a5e00000, 0x00000000a5f00000|  0%| F|  |TAMS 0x00000000a5e00000, 0x00000000a5e00000| Untracked 
|  81|0x00000000a5f00000, 0x00000000a5f00000, 0x00000000a6000000|  0%| F|  |TAMS 0x00000000a5f00000, 0x00000000a5f00000| Untracked 
|  82|0x00000000a6000000, 0x00000000a6000000, 0x00000000a6100000|  0%| F|  |TAMS 0x00000000a6000000, 0x00000000a6000000| Untracked 
|  83|0x00000000a6100000, 0x00000000a6100000, 0x00000000a6200000|  0%| F|  |TAMS 0x00000000a6100000, 0x00000000a6100000| Untracked 
|  84|0x00000000a6200000, 0x00000000a6200000, 0x00000000a6300000|  0%| F|  |TAMS 0x00000000a6200000, 0x00000000a6200000| Untracked 
|  85|0x00000000a6300000, 0x00000000a6300000, 0x00000000a6400000|  0%| F|  |TAMS 0x00000000a6300000, 0x00000000a6300000| Untracked 
|  86|0x00000000a6400000, 0x00000000a6400000, 0x00000000a6500000|  0%| F|  |TAMS 0x00000000a6400000, 0x00000000a6400000| Untracked 
|  87|0x00000000a6500000, 0x00000000a6500000, 0x00000000a6600000|  0%| F|  |TAMS 0x00000000a6500000, 0x00000000a6500000| Untracked 
|  88|0x00000000a6600000, 0x00000000a6600000, 0x00000000a6700000|  0%| F|  |TAMS 0x00000000a6600000, 0x00000000a6600000| Untracked 
|  89|0x00000000a6700000, 0x00000000a675f0c0, 0x00000000a6800000| 37%| S|CS|TAMS 0x00000000a6700000, 0x00000000a6700000| Complete 
|  90|0x00000000a6800000, 0x00000000a6800000, 0x00000000a6900000|  0%| F|  |TAMS 0x00000000a6800000, 0x00000000a6800000| Untracked 
|  91|0x00000000a6900000, 0x00000000a6900000, 0x00000000a6a00000|  0%| F|  |TAMS 0x00000000a6900000, 0x00000000a6900000| Untracked 
|  92|0x00000000a6a00000, 0x00000000a6a00000, 0x00000000a6b00000|  0%| F|  |TAMS 0x00000000a6a00000, 0x00000000a6a00000| Untracked 
|  93|0x00000000a6b00000, 0x00000000a6b00000, 0x00000000a6c00000|  0%| F|  |TAMS 0x00000000a6b00000, 0x00000000a6b00000| Untracked 
|  94|0x00000000a6c00000, 0x00000000a6c00000, 0x00000000a6d00000|  0%| F|  |TAMS 0x00000000a6c00000, 0x00000000a6c00000| Untracked 
|  95|0x00000000a6d00000, 0x00000000a6d00000, 0x00000000a6e00000|  0%| F|  |TAMS 0x00000000a6d00000, 0x00000000a6d00000| Untracked 

Card table byte_map: [0x00000233e7ed0000,0x00000233e81d0000] _byte_map_base: 0x00000233e79c9000

Marking Bits (Prev, Next): (CMBitMap*) 0x00000233db30e4b0, (CMBitMap*) 0x00000233db30e4f0
 Prev Bits: [0x00000233e84d0000, 0x00000233e9c98000)
 Next Bits: [0x00000233e9ca0000, 0x00000233eb468000)

Polling page: 0x00000233db140000

Metaspace:

Usage:
  Non-class:     66.43 MB used.
      Class:     11.36 MB used.
       Both:     77.79 MB used.

Virtual space:
  Non-class space:      128.00 MB reserved,      66.75 MB ( 52%) committed,  2 nodes.
      Class space:        1.00 GB reserved,      11.69 MB (  1%) committed,  1 nodes.
             Both:        1.12 GB reserved,      78.44 MB (  7%) committed. 

Chunk freelists:
   Non-Class:  12.69 MB
       Class:  4.30 MB
        Both:  16.99 MB

MaxMetaspaceSize: unlimited
CompressedClassSpaceSize: 1.00 GB
Initial GC threshold: 21.00 MB
Current GC threshold: 125.56 MB
CDS: on
MetaspaceReclaimPolicy: balanced
 - commit_granule_bytes: 65536.
 - commit_granule_words: 8192.
 - virtual_space_node_default_size: 8388608.
 - enlarge_chunks_in_place: 1.
 - new_chunks_are_fully_committed: 0.
 - uncommit_free_chunks: 1.
 - use_allocation_guard: 0.
 - handle_deallocations: 1.


Internal statistics:

num_allocs_failed_limit: 11.
num_arena_births: 1028.
num_arena_deaths: 0.
num_vsnodes_births: 3.
num_vsnodes_deaths: 0.
num_space_committed: 1255.
num_space_uncommitted: 0.
num_chunks_returned_to_freelist: 11.
num_chunks_taken_from_freelist: 3999.
num_chunk_merges: 11.
num_chunk_splits: 2936.
num_chunks_enlarged: 2273.
num_inconsistent_stats: 0.

CodeCache: size=49152Kb used=14489Kb max_used=14489Kb free=34662Kb
 bounds [0x00000233e42f0000, 0x00000233e5120000, 0x00000233e72f0000]
 total_blobs=8755 nmethods=7969 adapters=711
 compilation: enabled
              stopped_count=0, restarted_count=0
 full_count=0

Compilation events (20 events):
Event: 22.554 Thread 0x00000233edee0230 7961       1       io.netty.util.HashedWheelTimer$HashedWheelBucket::<init> (5 bytes)
Event: 22.554 Thread 0x00000233f30b0db0 7960       1       io.netty.util.HashedWheelTimer$HashedWheelBucket::<init> (5 bytes)
Event: 22.554 Thread 0x00000233edee0230 nmethod 7961 0x00000233e510f690 code [0x00000233e510f820, 0x00000233e510f8d8]
Event: 22.554 Thread 0x00000233f30b0db0 nmethod 7960 0x00000233e510f990 code [0x00000233e510fb20, 0x00000233e510fbd8]
Event: 22.612 Thread 0x00000233f30b0db0 7962       1       org.springframework.aop.support.annotation.AnnotationClassFilter::matches (27 bytes)
Event: 22.612 Thread 0x00000233f30b0db0 nmethod 7962 0x00000233e510ff90 code [0x00000233e5110160, 0x00000233e51103d8]
Event: 22.695 Thread 0x00000233edee0230 7963   !   1       jdk.internal.reflect.GeneratedConstructorAccessor18::newInstance (53 bytes)
Event: 22.695 Thread 0x00000233f30b0db0 7964       1       org.springframework.util.ConcurrentReferenceHashMap$Task::hasOption (9 bytes)
Event: 22.695 Thread 0x00000233f30b0db0 nmethod 7964 0x00000233e5110890 code [0x00000233e5110a20, 0x00000233e5110b08]
Event: 22.695 Thread 0x00000233f30b0db0 7965       1       org.springframework.beans.factory.support.AbstractAutowireCapableBeanFactory::populateBean (355 bytes)
Event: 22.696 Thread 0x00000233edee0230 nmethod 7963 0x00000233e5110b90 code [0x00000233e5110d80, 0x00000233e5111268]
Event: 22.698 Thread 0x00000233f30b0db0 nmethod 7965 0x00000233e5111590 code [0x00000233e5111980, 0x00000233e5112c68]
Event: 22.700 Thread 0x00000233f30b0db0 7966       1       java.lang.invoke.InvokerBytecodeGenerator::bogusMethod (74 bytes)
Event: 22.700 Thread 0x00000233edee0230 7967       1       java.lang.invoke.InvokerBytecodeGenerator::loadMethod (33 bytes)
Event: 22.700 Thread 0x00000233f30b0db0 nmethod 7966 0x00000233e5113710 code [0x00000233e51138a0, 0x00000233e5113958]
Event: 22.700 Thread 0x00000233f30b0db0 7968       1       java.lang.invoke.InvokerBytecodeGenerator::classDataValues (265 bytes)
Event: 22.700 Thread 0x00000233edee0230 nmethod 7967 0x00000233e5113a10 code [0x00000233e5113be0, 0x00000233e5113e98]
Event: 22.700 Thread 0x00000233edee0230 7969   !   1       java.lang.invoke.InvokerBytecodeGenerator::resolveInvokerMember (43 bytes)
Event: 22.700 Thread 0x00000233edee0230 nmethod 7969 0x00000233e5114010 code [0x00000233e51141c0, 0x00000233e51143e8]
Event: 22.701 Thread 0x00000233f30b0db0 nmethod 7968 0x00000233e5114510 code [0x00000233e51148a0, 0x00000233e5115e18]

GC Heap History (20 events):
Event: 19.070 GC heap after
{Heap after GC invocations=15 (full 0):
 garbage-first heap   total 89088K, used 40862K [0x00000000a0e00000, 0x0000000100000000)
  region size 1024K, 4 young (4096K), 4 survivors (4096K)
 Metaspace       used 60014K, committed 60480K, reserved 1114112K
  class space    used 8384K, committed 8640K, reserved 1048576K
}
Event: 19.829 GC heap before
{Heap before GC invocations=16 (full 0):
 garbage-first heap   total 89088K, used 70558K [0x00000000a0e00000, 0x0000000100000000)
  region size 1024K, 33 young (33792K), 4 survivors (4096K)
 Metaspace       used 62502K, committed 62976K, reserved 1114112K
  class space    used 8902K, committed 9152K, reserved 1048576K
}
Event: 19.833 GC heap after
{Heap after GC invocations=17 (full 0):
 garbage-first heap   total 89088K, used 41799K [0x00000000a0e00000, 0x0000000100000000)
  region size 1024K, 3 young (3072K), 3 survivors (3072K)
 Metaspace       used 62502K, committed 62976K, reserved 1114112K
  class space    used 8902K, committed 9152K, reserved 1048576K
}
Event: 20.963 GC heap before
{Heap before GC invocations=17 (full 0):
 garbage-first heap   total 89088K, used 71495K [0x00000000a0e00000, 0x0000000100000000)
  region size 1024K, 32 young (32768K), 3 survivors (3072K)
 Metaspace       used 67662K, committed 68224K, reserved 1114112K
  class space    used 9657K, committed 9920K, reserved 1048576K
}
Event: 20.969 GC heap after
{Heap after GC invocations=18 (full 0):
 garbage-first heap   total 89088K, used 43835K [0x00000000a0e00000, 0x0000000100000000)
  region size 1024K, 3 young (3072K), 3 survivors (3072K)
 Metaspace       used 67662K, committed 68224K, reserved 1114112K
  class space    used 9657K, committed 9920K, reserved 1048576K
}
Event: 21.601 GC heap before
{Heap before GC invocations=19 (full 0):
 garbage-first heap   total 89088K, used 72507K [0x00000000a0e00000, 0x0000000100000000)
  region size 1024K, 31 young (31744K), 3 survivors (3072K)
 Metaspace       used 72414K, committed 73024K, reserved 1114112K
  class space    used 10432K, committed 10688K, reserved 1048576K
}
Event: 21.607 GC heap after
{Heap after GC invocations=20 (full 0):
 garbage-first heap   total 89088K, used 46324K [0x00000000a0e00000, 0x0000000100000000)
  region size 1024K, 4 young (4096K), 4 survivors (4096K)
 Metaspace       used 72414K, committed 73024K, reserved 1114112K
  class space    used 10432K, committed 10688K, reserved 1048576K
}
Event: 21.613 GC heap before
{Heap before GC invocations=20 (full 0):
 garbage-first heap   total 89088K, used 47348K [0x00000000a0e00000, 0x0000000100000000)
  region size 1024K, 5 young (5120K), 4 survivors (4096K)
 Metaspace       used 72415K, committed 73024K, reserved 1114112K
  class space    used 10432K, committed 10688K, reserved 1048576K
}
Event: 21.617 GC heap after
{Heap after GC invocations=21 (full 0):
 garbage-first heap   total 89088K, used 46990K [0x00000000a0e00000, 0x0000000100000000)
  region size 1024K, 1 young (1024K), 1 survivors (1024K)
 Metaspace       used 72415K, committed 73024K, reserved 1114112K
  class space    used 10432K, committed 10688K, reserved 1048576K
}
Event: 21.801 GC heap before
{Heap before GC invocations=21 (full 0):
 garbage-first heap   total 89088K, used 71566K [0x00000000a0e00000, 0x0000000100000000)
  region size 1024K, 26 young (26624K), 1 survivors (1024K)
 Metaspace       used 74013K, committed 74560K, reserved 1114112K
  class space    used 10785K, committed 11008K, reserved 1048576K
}
Event: 21.804 GC heap after
{Heap after GC invocations=22 (full 0):
 garbage-first heap   total 89088K, used 49544K [0x00000000a0e00000, 0x0000000100000000)
  region size 1024K, 4 young (4096K), 4 survivors (4096K)
 Metaspace       used 74013K, committed 74560K, reserved 1114112K
  class space    used 10785K, committed 11008K, reserved 1048576K
}
Event: 21.964 GC heap before
{Heap before GC invocations=23 (full 0):
 garbage-first heap   total 94208K, used 70024K [0x00000000a0e00000, 0x0000000100000000)
  region size 1024K, 25 young (25600K), 4 survivors (4096K)
 Metaspace       used 75368K, committed 75968K, reserved 1114112K
  class space    used 10982K, committed 11264K, reserved 1048576K
}
Event: 21.967 GC heap after
{Heap after GC invocations=24 (full 0):
 garbage-first heap   total 94208K, used 49544K [0x00000000a0e00000, 0x0000000100000000)
  region size 1024K, 2 young (2048K), 2 survivors (2048K)
 Metaspace       used 75368K, committed 75968K, reserved 1114112K
  class space    used 10982K, committed 11264K, reserved 1048576K
}
Event: 21.972 GC heap before
{Heap before GC invocations=24 (full 0):
 garbage-first heap   total 94208K, used 51592K [0x00000000a0e00000, 0x0000000100000000)
  region size 1024K, 4 young (4096K), 2 survivors (2048K)
 Metaspace       used 75368K, committed 75968K, reserved 1114112K
  class space    used 10982K, committed 11264K, reserved 1048576K
}
Event: 21.975 GC heap after
{Heap after GC invocations=25 (full 0):
 garbage-first heap   total 94208K, used 50118K [0x00000000a0e00000, 0x0000000100000000)
  region size 1024K, 1 young (1024K), 1 survivors (1024K)
 Metaspace       used 75368K, committed 75968K, reserved 1114112K
  class space    used 10982K, committed 11264K, reserved 1048576K
}
Event: 22.220 GC heap before
{Heap before GC invocations=25 (full 0):
 garbage-first heap   total 94208K, used 76742K [0x00000000a0e00000, 0x0000000100000000)
  region size 1024K, 27 young (27648K), 1 survivors (1024K)
 Metaspace       used 76197K, committed 76800K, reserved 1179648K
  class space    used 11103K, committed 11392K, reserved 1048576K
}
Event: 22.224 GC heap after
{Heap after GC invocations=26 (full 0):
 garbage-first heap   total 94208K, used 53733K [0x00000000a0e00000, 0x0000000100000000)
  region size 1024K, 4 young (4096K), 4 survivors (4096K)
 Metaspace       used 76197K, committed 76800K, reserved 1179648K
  class space    used 11103K, committed 11392K, reserved 1048576K
}
Event: 22.648 GC heap before
{Heap before GC invocations=27 (full 0):
 garbage-first heap   total 94208K, used 75237K [0x00000000a0e00000, 0x0000000100000000)
  region size 1024K, 25 young (25600K), 4 survivors (4096K)
 Metaspace       used 79218K, committed 79936K, reserved 1179648K
  class space    used 11565K, committed 11904K, reserved 1048576K
}
Event: 22.654 GC heap after
{Heap after GC invocations=28 (full 0):
 garbage-first heap   total 94208K, used 55593K [0x00000000a0e00000, 0x0000000100000000)
  region size 1024K, 2 young (2048K), 2 survivors (2048K)
 Metaspace       used 79218K, committed 79936K, reserved 1179648K
  class space    used 11565K, committed 11904K, reserved 1048576K
}
Event: 22.702 GC heap before
{Heap before GC invocations=28 (full 0):
 garbage-first heap   total 94208K, used 57641K [0x00000000a0e00000, 0x0000000100000000)
  region size 1024K, 4 young (4096K), 2 survivors (2048K)
 Metaspace       used 79656K, committed 80320K, reserved 1179648K
  class space    used 11628K, committed 11968K, reserved 1048576K
}

Deoptimization events (20 events):
Event: 13.048 Thread 0x00000233db2c2310 DEOPT PACKING pc=0x00000233e4b4e519 sp=0x0000007f86cfdb90
Event: 13.048 Thread 0x00000233db2c2310 DEOPT UNPACKING pc=0x00000233e4342b43 sp=0x0000007f86cfd070 mode 3
Event: 14.335 Thread 0x00000233db2c2310 DEOPT PACKING pc=0x00000233e4bec99d sp=0x0000007f86cfd220
Event: 14.335 Thread 0x00000233db2c2310 DEOPT UNPACKING pc=0x00000233e4342b43 sp=0x0000007f86cfc788 mode 3
Event: 14.948 Thread 0x00000233db2c2310 DEOPT PACKING pc=0x00000233e486b081 sp=0x0000007f86cfe5a0
Event: 14.948 Thread 0x00000233db2c2310 DEOPT UNPACKING pc=0x00000233e4342b43 sp=0x0000007f86cfda30 mode 3
Event: 14.948 Thread 0x00000233f30d49c0 DEOPT PACKING pc=0x00000233e4767297 sp=0x0000007f88fff070
Event: 14.948 Thread 0x00000233f30d49c0 DEOPT UNPACKING pc=0x00000233e4342b43 sp=0x0000007f88ffe4c8 mode 3
Event: 19.505 Thread 0x00000233db2c2310 DEOPT PACKING pc=0x00000233e4de9cf4 sp=0x0000007f86cfc5a0
Event: 19.505 Thread 0x00000233db2c2310 DEOPT UNPACKING pc=0x00000233e4342b43 sp=0x0000007f86cfba28 mode 0
Event: 21.049 Thread 0x00000233db2c2310 DEOPT PACKING pc=0x00000233e4881922 sp=0x0000007f86cfc6a0
Event: 21.049 Thread 0x00000233db2c2310 DEOPT UNPACKING pc=0x00000233e4342b43 sp=0x0000007f86cfbba8 mode 3
Event: 21.049 Thread 0x00000233db2c2310 DEOPT PACKING pc=0x00000233e481cc25 sp=0x0000007f86cfc660
Event: 21.049 Thread 0x00000233db2c2310 DEOPT UNPACKING pc=0x00000233e4342b43 sp=0x0000007f86cfbba8 mode 3
Event: 21.192 Thread 0x00000233db2c2310 DEOPT PACKING pc=0x00000233e48b9d24 sp=0x0000007f86cfcce0
Event: 21.192 Thread 0x00000233db2c2310 DEOPT UNPACKING pc=0x00000233e4342b43 sp=0x0000007f86cfc238 mode 0
Event: 22.365 Thread 0x00000233db2c2310 DEOPT PACKING pc=0x00000233e46e0ce4 sp=0x0000007f86cf9190
Event: 22.365 Thread 0x00000233db2c2310 DEOPT UNPACKING pc=0x00000233e4342b43 sp=0x0000007f86cf86b0 mode 0
Event: 22.365 Thread 0x00000233db2c2310 DEOPT PACKING pc=0x00000233e46e0334 sp=0x0000007f86cf9280
Event: 22.365 Thread 0x00000233db2c2310 DEOPT UNPACKING pc=0x00000233e4342b43 sp=0x0000007f86cf8740 mode 0

Classes unloaded (0 events):
No events

Classes redefined (0 events):
No events

Internal exceptions (20 events):
Event: 22.353 Thread 0x00000233db2c2310 Exception <a 'java/lang/NoSuchMethodError'{0x00000000a64de3c0}: 'java.lang.Object java.lang.invoke.DelegatingMethodHandle$Holder.reinvoke_L(java.lang.Object, java.lang.Object, java.lang.Object, java.lang.Object, java.lang.Object, int)'> (0x00000000a64de3c0) 
thrown [s\open\src\hotspot\share\interpreter\linkResolver.cpp, line 759]
Event: 22.354 Thread 0x00000233db2c2310 Exception <a 'java/lang/NoSuchMethodError'{0x00000000a64f5f48}: 'java.lang.Object java.lang.invoke.DirectMethodHandle$Holder.invokeStaticInit(java.lang.Object, java.lang.Object, java.lang.Object, java.lang.Object, int, java.lang.Object, java.lang.Object, java.lang.Object, java.lang.Object, java.lang.Object)'> (0x00000000a64f5f48) 
thrown [s\open\src\hotspot\share\interpreter\linkResolver.cpp, line 759]
Event: 22.356 Thread 0x00000233db2c2310 Exception <a 'java/lang/NoSuchMethodError'{0x00000000a64fe810}: 'int java.lang.invoke.Invokers$Holder.exactInvoker(java.lang.Object, java.lang.Object)'> (0x00000000a64fe810) 
thrown [s\open\src\hotspot\share\interpreter\linkResolver.cpp, line 759]
Event: 22.358 Thread 0x00000233db2c2310 Exception <a 'java/lang/NoSuchMethodError'{0x00000000a6317850}: 'java.lang.Object java.lang.invoke.DelegatingMethodHandle$Holder.reinvoke_L(java.lang.Object, java.lang.Object, java.lang.Object, java.lang.Object, int, java.lang.Object, java.lang.Object, java.lang.Object, java.lang.Object, java.lang.Object)'> (0x00000000a6317850) 
thrown [s\open\src\hotspot\share\interpreter\linkResolver.cpp, line 759]
Event: 22.360 Thread 0x00000233db2c2310 Exception <a 'java/lang/NoSuchMethodError'{0x00000000a6335690}: 'java.lang.Object java.lang.invoke.DirectMethodHandle$Holder.invokeStatic(java.lang.Object, java.lang.Object, java.lang.Object, java.lang.Object, java.lang.Object, java.lang.Object, java.lang.Object, int)'> (0x00000000a6335690) 
thrown [s\open\src\hotspot\share\interpreter\linkResolver.cpp, line 759]
Event: 22.376 Thread 0x00000233db2c2310 Exception <a 'java/lang/ClassNotFoundException'{0x00000000a621c170}: nz/net/ultraq/thymeleaf/layoutdialect/decorators/strategies/AppendingStrategyBeanInfo> (0x00000000a621c170) 
thrown [s\open\src\hotspot\share\classfile\systemDictionary.cpp, line 256]
Event: 22.377 Thread 0x00000233db2c2310 Exception <a 'java/lang/ClassNotFoundException'{0x00000000a62278b0}: nz/net/ultraq/thymeleaf/layoutdialect/decorators/strategies/AppendingStrategyCustomizer> (0x00000000a62278b0) 
thrown [s\open\src\hotspot\share\classfile\systemDictionary.cpp, line 256]
Event: 22.384 Thread 0x00000233db2c2310 Exception <a 'java/lang/IncompatibleClassChangeError'{0x00000000a626bb50}: Found class java.lang.Object, but interface was expected> (0x00000000a626bb50) 
thrown [s\open\src\hotspot\share\interpreter\linkResolver.cpp, line 826]
Event: 22.384 Thread 0x00000233db2c2310 Exception <a 'java/lang/NoSuchMethodError'{0x00000000a626eea0}: 'java.lang.Object java.lang.invoke.DirectMethodHandle$Holder.invokeInterface(java.lang.Object, java.lang.Object, java.lang.Object, java.lang.Object, java.lang.Object)'> (0x00000000a626eea0) 
thrown [s\open\src\hotspot\share\interpreter\linkResolver.cpp, line 759]
Event: 22.388 Thread 0x00000233db2c2310 Exception <a 'java/lang/NoSuchMethodError'{0x00000000a629b7b0}: 'java.lang.Object java.lang.invoke.DirectMethodHandle$Holder.invokeInterface(java.lang.Object, java.lang.Object, java.lang.Object, java.lang.Object)'> (0x00000000a629b7b0) 
thrown [s\open\src\hotspot\share\interpreter\linkResolver.cpp, line 759]
Event: 22.389 Thread 0x00000233db2c2310 Exception <a 'java/lang/IncompatibleClassChangeError'{0x00000000a629fac0}: Found class java.lang.Object, but interface was expected> (0x00000000a629fac0) 
thrown [s\open\src\hotspot\share\interpreter\linkResolver.cpp, line 826]
Event: 22.394 Thread 0x00000233db2c2310 Exception <a 'java/lang/NoSuchMethodError'{0x00000000a62f47b0}: 'java.lang.Object java.lang.invoke.Invokers$Holder.invokeExact_MT(java.lang.Object, java.lang.Object, java.lang.Object)'> (0x00000000a62f47b0) 
thrown [s\open\src\hotspot\share\interpreter\linkResolver.cpp, line 759]
Event: 22.396 Thread 0x00000233db2c2310 Exception <a 'java/lang/ClassNotFoundException'{0x00000000a611aa30}: nz/net/ultraq/thymeleaf/layoutdialect/LayoutDialectBeanInfo> (0x00000000a611aa30) 
thrown [s\open\src\hotspot\share\classfile\systemDictionary.cpp, line 256]
Event: 22.396 Thread 0x00000233db2c2310 Exception <a 'java/lang/ClassNotFoundException'{0x00000000a61243b8}: org/thymeleaf/dialect/AbstractProcessorDialectBeanInfo> (0x00000000a61243b8) 
thrown [s\open\src\hotspot\share\classfile\systemDictionary.cpp, line 256]
Event: 22.397 Thread 0x00000233db2c2310 Exception <a 'java/lang/ClassNotFoundException'{0x00000000a612ddb8}: org/thymeleaf/dialect/AbstractDialectBeanInfo> (0x00000000a612ddb8) 
thrown [s\open\src\hotspot\share\classfile\systemDictionary.cpp, line 256]
Event: 22.397 Thread 0x00000233db2c2310 Exception <a 'java/lang/ClassNotFoundException'{0x00000000a61378a8}: org/thymeleaf/dialect/AbstractDialectCustomizer> (0x00000000a61378a8) 
thrown [s\open\src\hotspot\share\classfile\systemDictionary.cpp, line 256]
Event: 22.398 Thread 0x00000233db2c2310 Exception <a 'java/lang/ClassNotFoundException'{0x00000000a6143aa0}: org/thymeleaf/dialect/AbstractProcessorDialectCustomizer> (0x00000000a6143aa0) 
thrown [s\open\src\hotspot\share\classfile\systemDictionary.cpp, line 256]
Event: 22.398 Thread 0x00000233db2c2310 Exception <a 'java/lang/ClassNotFoundException'{0x00000000a61510a0}: nz/net/ultraq/thymeleaf/layoutdialect/LayoutDialectCustomizer> (0x00000000a61510a0) 
thrown [s\open\src\hotspot\share\classfile\systemDictionary.cpp, line 256]
Event: 22.417 Thread 0x00000233db2c2310 Exception <a 'java/lang/reflect/InvocationTargetException'{0x00000000a5f06b18}> (0x00000000a5f06b18) 
thrown [s\open\src\hotspot\share\runtime\reflection.cpp, line 1121]
Event: 22.700 Thread 0x00000233db2c2310 Exception <a 'java/lang/NoSuchMethodError'{0x00000000a68e51c8}: 'java.lang.Object java.lang.invoke.DirectMethodHandle$Holder.invokeStaticInit(java.lang.Object, long)'> (0x00000000a68e51c8) 
thrown [s\open\src\hotspot\share\interpreter\linkResolver.cpp, line 759]

VM Operations (20 events):
Event: 21.967 Executing VM operation: G1CollectForAllocation done
Event: 21.972 Executing VM operation: G1CollectForAllocation
Event: 21.975 Executing VM operation: G1CollectForAllocation done
Event: 22.219 Executing VM operation: G1CollectForAllocation
Event: 22.224 Executing VM operation: G1CollectForAllocation done
Event: 22.257 Executing VM operation: G1Concurrent
Event: 22.259 Executing VM operation: G1Concurrent done
Event: 22.274 Executing VM operation: G1Concurrent
Event: 22.274 Executing VM operation: G1Concurrent done
Event: 22.355 Executing VM operation: HandshakeAllThreads
Event: 22.355 Executing VM operation: HandshakeAllThreads done
Event: 22.602 Executing VM operation: HandshakeAllThreads
Event: 22.602 Executing VM operation: HandshakeAllThreads done
Event: 22.621 Executing VM operation: HandshakeAllThreads
Event: 22.621 Executing VM operation: HandshakeAllThreads done
Event: 22.648 Executing VM operation: G1CollectForAllocation
Event: 22.654 Executing VM operation: G1CollectForAllocation done
Event: 22.697 Executing VM operation: HandshakeAllThreads
Event: 22.697 Executing VM operation: HandshakeAllThreads done
Event: 22.702 Executing VM operation: G1CollectForAllocation

Events (20 events):
Event: 22.502 loading class javax/security/cert/Certificate
Event: 22.502 loading class javax/security/cert/Certificate done
Event: 22.502 loading class javax/security/cert/X509Certificate done
Event: 22.537 loading class jdk/internal/access/foreign/MemorySegmentProxy
Event: 22.537 loading class jdk/internal/access/foreign/MemorySegmentProxy done
Event: 22.577 loading class java/util/concurrent/Executors$DelegatedScheduledExecutorService
Event: 22.578 loading class java/util/concurrent/Executors$DelegatedExecutorService
Event: 22.578 loading class java/util/concurrent/Executors$DelegatedExecutorService done
Event: 22.578 loading class java/util/concurrent/Executors$DelegatedScheduledExecutorService done
Event: 22.586 loading class jdk/jfr/Event
Event: 22.586 loading class jdk/jfr/Event done
Event: 22.610 Thread 0x00000233f30da4e0 Thread added: 0x00000233f30da4e0
Event: 22.610 loading class java/util/concurrent/locks/AbstractQueuedSynchronizer$SharedNode
Event: 22.611 loading class java/util/concurrent/locks/AbstractQueuedSynchronizer$SharedNode done
Event: 22.620 loading class java/util/JumboEnumSet
Event: 22.620 loading class java/util/JumboEnumSet done
Event: 22.633 loading class javax/net/ssl/SSLParameters
Event: 22.634 loading class javax/net/ssl/SSLParameters done
Event: 22.698 loading class java/util/function/IntSupplier
Event: 22.698 loading class java/util/function/IntSupplier done


Dynamic libraries:
0x00007ff7d1040000 - 0x00007ff7d1050000 	D:\Apps\jdk-17\bin\java.exe
0x00007fff23ef0000 - 0x00007fff240e8000 	C:\Windows\SYSTEM32\ntdll.dll
0x00007fff22ab0000 - 0x00007fff22b6d000 	C:\Windows\System32\KERNEL32.DLL
0x00007fff21c40000 - 0x00007fff21f36000 	C:\Windows\System32\KERNELBASE.dll
0x00007fff21b40000 - 0x00007fff21c40000 	C:\Windows\System32\ucrtbase.dll
0x00007fff18600000 - 0x00007fff1861b000 	D:\Apps\jdk-17\bin\VCRUNTIME140.dll
0x00007fff19740000 - 0x00007fff19759000 	D:\Apps\jdk-17\bin\jli.dll
0x00007fff22e10000 - 0x00007fff22ec3000 	C:\Windows\System32\ADVAPI32.dll
0x00007fff23000000 - 0x00007fff2309e000 	C:\Windows\System32\msvcrt.dll
0x00007fff22c40000 - 0x00007fff22cdf000 	C:\Windows\System32\sechost.dll
0x00007fff23210000 - 0x00007fff23336000 	C:\Windows\System32\RPCRT4.dll
0x00007fff217c0000 - 0x00007fff217e7000 	C:\Windows\System32\bcrypt.dll
0x00007fff22890000 - 0x00007fff22a2e000 	C:\Windows\System32\USER32.dll
0x00007fff217f0000 - 0x00007fff21812000 	C:\Windows\System32\win32u.dll
0x00007fff227b0000 - 0x00007fff227dc000 	C:\Windows\System32\GDI32.dll
0x00007fff21970000 - 0x00007fff21a8a000 	C:\Windows\System32\gdi32full.dll
0x00007fff215c0000 - 0x00007fff2165d000 	C:\Windows\System32\msvcp_win.dll
0x00007fff0f1c0000 - 0x00007fff0f45a000 	C:\Windows\WinSxS\amd64_microsoft.windows.common-controls_6595b64144ccf1df_6.0.19041.3636_none_60b6a03d71f818d5\COMCTL32.dll
0x00007fff17410000 - 0x00007fff1741a000 	C:\Windows\SYSTEM32\VERSION.dll
0x00007fff22f60000 - 0x00007fff22f90000 	C:\Windows\System32\IMM32.DLL
0x00007fff1cfb0000 - 0x00007fff1cfbc000 	D:\Apps\jdk-17\bin\vcruntime140_1.dll
0x00007fff09260000 - 0x00007fff092ee000 	D:\Apps\jdk-17\bin\msvcp140.dll
0x00007ffecf1d0000 - 0x00007ffecfdb1000 	D:\Apps\jdk-17\bin\server\jvm.dll
0x00007fff17120000 - 0x00007fff17147000 	C:\Windows\SYSTEM32\WINMM.dll
0x00007fff22c30000 - 0x00007fff22c38000 	C:\Windows\System32\PSAPI.DLL
0x00007fff0a120000 - 0x00007fff0a129000 	C:\Windows\SYSTEM32\WSOCK32.dll
0x00007fff22f90000 - 0x00007fff22ffb000 	C:\Windows\System32\WS2_32.dll
0x00007fff1f430000 - 0x00007fff1f442000 	C:\Windows\SYSTEM32\kernel.appcore.dll
0x00007fff1ba70000 - 0x00007fff1ba7a000 	D:\Apps\jdk-17\bin\jimage.dll
0x00007fff06360000 - 0x00007fff06544000 	C:\Windows\SYSTEM32\DBGHELP.DLL
0x00007fff06780000 - 0x00007fff067b4000 	C:\Windows\SYSTEM32\dbgcore.DLL
0x00007fff21870000 - 0x00007fff218f2000 	C:\Windows\System32\bcryptPrimitives.dll
0x00007fff1ba10000 - 0x00007fff1ba1e000 	D:\Apps\jdk-17\bin\instrument.dll
0x00007fff0ce70000 - 0x00007fff0ce95000 	D:\Apps\jdk-17\bin\java.dll
0x00007fff08390000 - 0x00007fff08467000 	D:\Apps\jdk-17\bin\jsvml.dll
0x00007fff21f40000 - 0x00007fff22685000 	C:\Windows\System32\SHELL32.dll
0x00007fff1f630000 - 0x00007fff1fdcb000 	C:\Windows\SYSTEM32\windows.storage.dll
0x00007fff23af0000 - 0x00007fff23e44000 	C:\Windows\System32\combase.dll
0x00007fff20e40000 - 0x00007fff20e6d000 	C:\Windows\SYSTEM32\Wldp.dll
0x00007fff22b70000 - 0x00007fff22c1d000 	C:\Windows\System32\SHCORE.dll
0x00007fff23e50000 - 0x00007fff23ea5000 	C:\Windows\System32\shlwapi.dll
0x00007fff214f0000 - 0x00007fff21515000 	C:\Windows\SYSTEM32\profapi.dll
0x00007fff16200000 - 0x00007fff16218000 	D:\Apps\jdk-17\bin\zip.dll
0x00007fff0e180000 - 0x00007fff0e199000 	D:\Apps\jdk-17\bin\net.dll
0x00007fff19240000 - 0x00007fff1934a000 	C:\Windows\SYSTEM32\WINHTTP.dll
0x00007fff20c20000 - 0x00007fff20c8a000 	C:\Windows\system32\mswsock.dll
0x00007fff099f0000 - 0x00007fff09a06000 	D:\Apps\jdk-17\bin\nio.dll
0x00007fff20970000 - 0x00007fff20a3a000 	C:\Windows\SYSTEM32\DNSAPI.dll
0x00007fff20930000 - 0x00007fff2096b000 	C:\Windows\SYSTEM32\IPHLPAPI.DLL
0x00007fff22c20000 - 0x00007fff22c28000 	C:\Windows\System32\NSI.dll
0x00007fff170d0000 - 0x00007fff170da000 	C:\Windows\System32\rasadhlp.dll
0x00007fff18e70000 - 0x00007fff18ef0000 	C:\Windows\System32\fwpuclnt.dll
0x00007fff1bab0000 - 0x00007fff1baba000 	D:\Apps\jdk-17\bin\management.dll
0x00007fff1baa0000 - 0x00007fff1baab000 	D:\Apps\jdk-17\bin\management_ext.dll
0x00007fff20ee0000 - 0x00007fff20ef8000 	C:\Windows\SYSTEM32\CRYPTSP.dll
0x00007fff20570000 - 0x00007fff205a4000 	C:\Windows\system32\rsaenh.dll
0x00007fff21470000 - 0x00007fff2149e000 	C:\Windows\SYSTEM32\USERENV.dll
0x00007fff20db0000 - 0x00007fff20dbc000 	C:\Windows\SYSTEM32\CRYPTBASE.dll
0x00007fff1a730000 - 0x00007fff1a747000 	C:\Windows\SYSTEM32\dhcpcsvc6.DLL
0x00007fff1a710000 - 0x00007fff1a72d000 	C:\Windows\SYSTEM32\dhcpcsvc.DLL
0x00007fff0d0c0000 - 0x00007fff0d0d7000 	C:\Windows\system32\napinsp.dll
0x00007fff0d0a0000 - 0x00007fff0d0bb000 	C:\Windows\system32\pnrpnsp.dll
0x00007fff1c400000 - 0x00007fff1c415000 	C:\Windows\system32\wshbth.dll
0x00007fff1cf10000 - 0x00007fff1cf2d000 	C:\Windows\system32\NLAapi.dll
0x00007fff0cc80000 - 0x00007fff0cc92000 	C:\Windows\System32\winrnr.dll
0x00007fff1d010000 - 0x00007fff1d01e000 	D:\Apps\jdk-17\bin\sunmscapi.dll
0x00007fff21660000 - 0x00007fff217bd000 	C:\Windows\System32\CRYPT32.dll
0x00007fff21060000 - 0x00007fff21088000 	C:\Windows\SYSTEM32\ncrypt.dll
0x00007fff21020000 - 0x00007fff2105b000 	C:\Windows\SYSTEM32\NTASN1.dll
0x00007fff00850000 - 0x00007fff00899000 	C:\Windows\SYSTEM32\pdh.dll
0x00007fff1d050000 - 0x00007fff1d05f000 	C:\Windows\System32\perfproc.dll
0x00007fff0eb60000 - 0x00007fff0eb6f000 	C:\Windows\System32\perfos.dll
0x00007fff1b760000 - 0x00007fff1b770000 	D:\Apps\jdk-17\bin\verify.dll

dbghelp: loaded successfully - version: 4.0.5 - missing functions: none
symbol engine: initialized successfully - sym options: 0x614 - pdb path: .;D:\Apps\jdk-17\bin;C:\Windows\SYSTEM32;C:\Windows\WinSxS\amd64_microsoft.windows.common-controls_6595b64144ccf1df_6.0.19041.3636_none_60b6a03d71f818d5;D:\Apps\jdk-17\bin\server

VM Arguments:
jvm_args: -XX:TieredStopAtLevel=1 -Dspring.output.ansi.enabled=always -Dcom.sun.management.jmxremote -Dspring.jmx.enabled=true -Dspring.liveBeansView.mbeanDomain -Dspring.application.admin.enabled=true -Dmanagement.endpoints.jmx.exposure.include=* -javaagent:D:\Apps\IntelliJ IDEA 2025.1.2\lib\idea_rt.jar=63704 -Dfile.encoding=UTF-8 
java_command: com.shose.shoseshop.ShoseShopApplication
java_class_path (initial): E:\DoAn\ShoseShop\Backend\ShoseShop\target\classes;C:\Users\Admin\.m2\repository\org\springframework\boot\spring-boot-starter-security\3.3.5\spring-boot-starter-security-3.3.5.jar;C:\Users\Admin\.m2\repository\org\springframework\boot\spring-boot-starter\3.3.5\spring-boot-starter-3.3.5.jar;C:\Users\Admin\.m2\repository\org\springframework\boot\spring-boot\3.3.5\spring-boot-3.3.5.jar;C:\Users\Admin\.m2\repository\org\springframework\boot\spring-boot-autoconfigure\3.3.5\spring-boot-autoconfigure-3.3.5.jar;C:\Users\Admin\.m2\repository\org\springframework\boot\spring-boot-starter-logging\3.3.5\spring-boot-starter-logging-3.3.5.jar;C:\Users\Admin\.m2\repository\ch\qos\logback\logback-classic\1.5.11\logback-classic-1.5.11.jar;C:\Users\Admin\.m2\repository\ch\qos\logback\logback-core\1.5.11\logback-core-1.5.11.jar;C:\Users\Admin\.m2\repository\org\apache\logging\log4j\log4j-to-slf4j\2.23.1\log4j-to-slf4j-2.23.1.jar;C:\Users\Admin\.m2\repository\org\apache\logging\log4j\log4j-api\2.23.1\log4j-api-2.23.1.jar;C:\Users\Admin\.m2\repository\org\slf4j\jul-to-slf4j\2.0.16\jul-to-slf4j-2.0.16.jar;C:\Users\Admin\.m2\repository\jakarta\annotation\jakarta.annotation-api\2.1.1\jakarta.annotation-api-2.1.1.jar;C:\Users\Admin\.m2\repository\org\springframework\spring-aop\6.1.14\spring-aop-6.1.14.jar;C:\Users\Admin\.m2\repository\org\springframework\security\spring-security-config\6.3.4\spring-security-config-6.3.4.jar;C:\Users\Admin\.m2\repository\org\springframework\security\spring-security-web\6.3.4\spring-security-web-6.3.4.jar;C:\Users\Admin\.m2\repository\org\springframework\boot\spring-boot-starter-web\3.3.5\spring-boot-starter-web-3.3.5.jar;C:\Users\Admin\.m2\repository\org\springframework\boot\spring-boot-starter-json\3.3.5\spring-boot-starter-json-3.3.5.jar;C:\Users\Admin\.m2\repository\com\fasterxml\jackson\datatype\jackson-datatype-jdk8\2.17.2\jackson-datatype-jdk8-2.17.2.jar;C:\Users\Admin\.m2\repository\com\fasterxml\jackson\datatype\jackson-da
Launcher Type: SUN_STANDARD

[Global flags]
     intx CICompilerCount                          = 4                                         {product} {ergonomic}
     uint ConcGCThreads                            = 2                                         {product} {ergonomic}
     uint G1ConcRefinementThreads                  = 8                                         {product} {ergonomic}
   size_t G1HeapRegionSize                         = 1048576                                   {product} {ergonomic}
    uintx GCDrainStackTargetSize                   = 64                                        {product} {ergonomic}
   size_t InitialHeapSize                          = 100663296                                 {product} {ergonomic}
     bool ManagementServer                         = true                                      {product} {command line}
   size_t MarkStackSize                            = 4194304                                   {product} {ergonomic}
   size_t MaxHeapSize                              = 1595932672                                {product} {ergonomic}
   size_t MaxNewSize                               = 957349888                                 {product} {ergonomic}
   size_t MinHeapDeltaBytes                        = 1048576                                   {product} {ergonomic}
   size_t MinHeapSize                              = 8388608                                   {product} {ergonomic}
    uintx NonProfiledCodeHeapSize                  = 0                                      {pd product} {ergonomic}
     bool ProfileInterpreter                       = false                                  {pd product} {command line}
    uintx ProfiledCodeHeapSize                     = 0                                      {pd product} {ergonomic}
   size_t SoftMaxHeapSize                          = 1595932672                             {manageable} {ergonomic}
     intx TieredStopAtLevel                        = 1                                         {product} {command line}
     bool UseCompressedClassPointers               = true                           {product lp64_product} {ergonomic}
     bool UseCompressedOops                        = true                           {product lp64_product} {ergonomic}
     bool UseG1GC                                  = true                                      {product} {ergonomic}
     bool UseLargePagesIndividualAllocation        = false                                  {pd product} {ergonomic}

Logging:
Log output configuration:
 #0: stdout all=warning uptime,level,tags
 #1: stderr all=off uptime,level,tags

Environment Variables:
PATH=C:\Python313\Scripts\;C:\Python313\;C:\Windows\system32;C:\Windows;C:\Windows\System32\Wbem;C:\Windows\System32\WindowsPowerShell\v1.0\;C:\Windows\System32\OpenSSH\;C:\Program Files\Git\cmd;C:\Program Files\nodejs\;C:\ProgramData\chocolatey\bin;C:\Users\Admin\AppData\Local\Microsoft\WindowsApps;;D:\Apps\IntelliJ IDEA 2025.1.2\bin;;C:\Users\Admin\AppData\Local\Programs\Rancher Desktop\resources\resources\win32\bin\;C:\Users\Admin\AppData\Local\Programs\Rancher Desktop\resources\resources\win32\docker-cli-plugins\;C:\Users\Admin\AppData\Local\Programs\Rancher Desktop\resources\resources\linux\bin\;C:\Users\Admin\AppData\Local\Programs\Rancher Desktop\resources\resources\linux\docker-cli-plugins\;C:\Users\Admin\AppData\Local\Programs\Microsoft VS Code\bin;C:\Users\Admin\AppData\Roaming\npm
USERNAME=Admin
OS=Windows_NT
PROCESSOR_IDENTIFIER=AMD64 Family 23 Model 24 Stepping 1, AuthenticAMD



---------------  S Y S T E M  ---------------

OS:
 Windows 10 , 64 bit Build 19041 (10.0.19041.3636)
OS uptime: 23 days 16:16 hours
Hyper-V role detected

CPU: total 8 (initial active 8) (8 cores per cpu, 2 threads per core) family 23 model 24 stepping 1 microcode 0x0, cx8, cmov, fxsr, ht, mmx, 3dnowpref, sse, sse2, sse3, ssse3, sse4a, sse4.1, sse4.2, popcnt, lzcnt, tsc, tscinvbit, avx, avx2, aes, clmul, bmi1, bmi2, adx, sha, fma, vzeroupper, clflush, clflushopt, hv

Memory: 4k page, system-wide physical 6081M (39M free)
TotalPageFile size 21287M (AvailPageFile size 68M)
current process WorkingSet (physical memory assigned to process): 256M, peak: 256M
current process commit charge ("private bytes"): 319M, peak: 438M

vm_info: Java HotSpot(TM) 64-Bit Server VM (17.0.9+11-LTS-201) for windows-amd64 JRE (17.0.9+11-LTS-201), built on Oct 10 2023 23:16:06 by "mach5one" with MS VC++ 17.1 (VS2022)

END.
